[debug] [2020-09-14T15:15:10.816Z] ----------------------------------------------------------------------
[debug] [2020-09-14T15:15:10.819Z] Command:       C:\Program Files\nodejs\node.exe C:\Users\HP\AppData\Roaming\npm\node_modules\firebase-tools\lib\bin\firebase.js emulators:start
[debug] [2020-09-14T15:15:10.820Z] CLI Version:   8.10.0
[debug] [2020-09-14T15:15:10.820Z] Platform:      win32
[debug] [2020-09-14T15:15:10.820Z] Node Version:  v12.18.3
[debug] [2020-09-14T15:15:10.822Z] Time:          Mon Sep 14 2020 20:45:10 GMT+0530 (India Standard Time)
[debug] [2020-09-14T15:15:10.822Z] ----------------------------------------------------------------------
[debug] [2020-09-14T15:15:10.822Z] 
[debug] [2020-09-14T15:15:10.835Z] > command requires scopes: ["email","openid","https://www.googleapis.com/auth/cloudplatformprojects.readonly","https://www.googleapis.com/auth/firebase","https://www.googleapis.com/auth/cloud-platform"]
[debug] [2020-09-14T15:15:10.836Z] > authorizing via signed-in user
[info] i  emulators: Starting emulators: functions, hosting {"metadata":{"emulator":{"name":"hub"},"message":"Starting emulators: functions, hosting"}}
[debug] [2020-09-14T15:15:12.914Z] [hub] writing locator at C:\Users\HP\AppData\Local\Temp\hub-a-cd4eb.json
[warn] !  functions: The following emulators are not running, calls to these services from the Functions emulator will affect production: firestore, database, pubsub {"metadata":{"emulator":{"name":"functions"},"message":"The following emulators are not running, calls to these services from the Functions emulator will affect production: \u001b[1mfirestore, database, pubsub\u001b[22m"}}
[warn] !  Your requested "node" version "10" doesn't match your global version "12" {"metadata":{"emulator":{"name":"functions"},"message":"Your requested \"node\" version \"10\" doesn't match your global version \"12\""}}
[debug] [2020-09-14T15:15:15.031Z] defaultcredentials: writing to file C:\Users\HP\AppData\Roaming\firebase\khushalthepane2000_gmail_com_application_default_credentials.json
[debug] [2020-09-14T15:15:15.036Z] Setting GAC to C:\Users\HP\AppData\Roaming\firebase\khushalthepane2000_gmail_com_application_default_credentials.json {"metadata":{"emulator":{"name":"functions"},"message":"Setting GAC to C:\\Users\\HP\\AppData\\Roaming\\firebase\\khushalthepane2000_gmail_com_application_default_credentials.json"}}
[debug] [2020-09-14T15:15:17.075Z] >>> HTTP REQUEST GET https://firebase.googleapis.com/v1beta1/projects/a-cd4eb/webApps/-/config  
 
[debug] [2020-09-14T15:15:20.044Z] <<< HTTP RESPONSE 200 {"content-type":"application/json; charset=UTF-8","vary":"X-Origin, Referer, Origin,Accept-Encoding","date":"Mon, 14 Sep 2020 15:15:18 GMT","server":"ESF","cache-control":"private","x-xss-protection":"0","x-frame-options":"SAMEORIGIN","x-content-type-options":"nosniff","alt-svc":"h3-29=\":443\"; ma=2592000,h3-27=\":443\"; ma=2592000,h3-T051=\":443\"; ma=2592000,h3-T050=\":443\"; ma=2592000,h3-Q050=\":443\"; ma=2592000,h3-Q046=\":443\"; ma=2592000,h3-Q043=\":443\"; ma=2592000,quic=\":443\"; ma=2592000; v=\"46,43\"","accept-ranges":"none","transfer-encoding":"chunked"}
[info] i  hosting: Serving hosting files from: build {"metadata":{"emulator":{"name":"hosting"},"message":"Serving hosting files from: \u001b[1mbuild\u001b[22m"}}
[info] +  hosting: Local server: http://localhost:5000 {"metadata":{"emulator":{"name":"hosting"},"message":"Local server: \u001b[4m\u001b[1mhttp://localhost:5000\u001b[22m\u001b[24m"}}
[debug] [2020-09-14T15:15:24.154Z] Ignoring unsupported arg: auto_download {"metadata":{"emulator":{"name":"ui"},"message":"Ignoring unsupported arg: auto_download"}}
[debug] [2020-09-14T15:15:24.154Z] Ignoring unsupported arg: port {"metadata":{"emulator":{"name":"ui"},"message":"Ignoring unsupported arg: port"}}
[debug] [2020-09-14T15:15:24.154Z] Starting Emulator UI with command {"binary":"node","args":["C:\\Users\\HP\\.cache\\firebase\\emulators\\ui-v1.1.1\\server.bundle.js"],"optionalArgs":[],"joinArgs":false} {"metadata":{"emulator":{"name":"ui"},"message":"Starting Emulator UI with command {\"binary\":\"node\",\"args\":[\"C:\\\\Users\\\\HP\\\\.cache\\\\firebase\\\\emulators\\\\ui-v1.1.1\\\\server.bundle.js\"],\"optionalArgs\":[],\"joinArgs\":false}"}}
[info] i  ui: Emulator UI logging to ui-debug.log {"metadata":{"emulator":{"name":"ui"},"message":"Emulator UI logging to \u001b[1mui-debug.log\u001b[22m"}}
[debug] [2020-09-14T15:15:24.352Z] Web / API server started at http://localhost:4000
 {"metadata":{"emulator":{"name":"ui"},"message":"Web / API server started at http://localhost:4000\n"}}
[info] i  functions: Watching "C:\Users\HP\Desktop\React project\react-clone1\amazona\functions" for Cloud Functions... {"metadata":{"emulator":{"name":"functions"},"message":"Watching \"C:\\Users\\HP\\Desktop\\React project\\react-clone1\\amazona\\functions\" for Cloud Functions..."}}
[debug] [2020-09-14T15:15:24.697Z] [worker-pool] addWorker(~diagnostic~) {"metadata":{"emulator":{"name":"functions"},"message":"[worker-pool] addWorker(~diagnostic~)"}}
[debug] [2020-09-14T15:15:24.698Z] [worker-pool] Adding worker with key ~diagnostic~, total=1 {"metadata":{"emulator":{"name":"functions"},"message":"[worker-pool] Adding worker with key ~diagnostic~, total=1"}}
[debug] [2020-09-14T15:15:24.698Z] [worker-pool] submitWork(triggerId=) {"metadata":{"emulator":{"name":"functions"},"message":"[worker-pool] submitWork(triggerId=)"}}
[debug] [2020-09-14T15:15:24.699Z] [worker-~diagnostic~-c7843cee-5e05-40f8-bb10-c03ee39f9769]: Assigning socketPath: \\?\pipe\C:\Users\HP\Desktop\React project\react-clone1\amazona\functions\15656 {"metadata":{"emulator":{"name":"functions"},"message":"[worker-~diagnostic~-c7843cee-5e05-40f8-bb10-c03ee39f9769]: Assigning socketPath: \\\\?\\pipe\\C:\\Users\\HP\\Desktop\\React project\\react-clone1\\amazona\\functions\\15656"}}
[debug] [2020-09-14T15:15:24.700Z] [worker-~diagnostic~-c7843cee-5e05-40f8-bb10-c03ee39f9769]: BUSY {"metadata":{"emulator":{"name":"functions"},"message":"[worker-~diagnostic~-c7843cee-5e05-40f8-bb10-c03ee39f9769]: BUSY"}}
[debug] [2020-09-14T15:15:25.838Z] [runtime-status] [15656] Functions runtime initialized. {"cwd":"C:\\Users\\HP\\Desktop\\React project\\react-clone1\\amazona\\functions","node_version":"12.18.3"} {"metadata":{"emulator":{"name":"functions"},"message":"[runtime-status] [15656] Functions runtime initialized. {\"cwd\":\"C:\\\\Users\\\\HP\\\\Desktop\\\\React project\\\\react-clone1\\\\amazona\\\\functions\",\"node_version\":\"12.18.3\"}"}}
[debug] [2020-09-14T15:15:25.843Z] [runtime-status] [15656] Disabled runtime features: undefined {"metadata":{"emulator":{"name":"functions"},"message":"[runtime-status] [15656] Disabled runtime features: undefined"}}
[debug] [2020-09-14T15:15:25.856Z] [runtime-status] [15656] Resolved module firebase-admin {"declared":true,"installed":true,"version":"8.13.0","resolution":"C:\\Users\\HP\\Desktop\\React project\\react-clone1\\amazona\\functions\\node_modules\\firebase-admin\\lib\\index.js"} {"metadata":{"emulator":{"name":"functions"},"message":"[runtime-status] [15656] Resolved module firebase-admin {\"declared\":true,\"installed\":true,\"version\":\"8.13.0\",\"resolution\":\"C:\\\\Users\\\\HP\\\\Desktop\\\\React project\\\\react-clone1\\\\amazona\\\\functions\\\\node_modules\\\\firebase-admin\\\\lib\\\\index.js\"}"}}
[debug] [2020-09-14T15:15:25.861Z] [runtime-status] [15656] Resolved module firebase-functions {"declared":true,"installed":true,"version":"3.11.0","resolution":"C:\\Users\\HP\\Desktop\\React project\\react-clone1\\amazona\\functions\\node_modules\\firebase-functions\\lib\\index.js"} {"metadata":{"emulator":{"name":"functions"},"message":"[runtime-status] [15656] Resolved module firebase-functions {\"declared\":true,\"installed\":true,\"version\":\"3.11.0\",\"resolution\":\"C:\\\\Users\\\\HP\\\\Desktop\\\\React project\\\\react-clone1\\\\amazona\\\\functions\\\\node_modules\\\\firebase-functions\\\\lib\\\\index.js\"}"}}
[debug] [2020-09-14T15:15:25.864Z] [runtime-status] [15656] Resolved module firebase-functions {"declared":true,"installed":true,"version":"3.11.0","resolution":"C:\\Users\\HP\\Desktop\\React project\\react-clone1\\amazona\\functions\\node_modules\\firebase-functions\\lib\\index.js"} {"metadata":{"emulator":{"name":"functions"},"message":"[runtime-status] [15656] Resolved module firebase-functions {\"declared\":true,\"installed\":true,\"version\":\"3.11.0\",\"resolution\":\"C:\\\\Users\\\\HP\\\\Desktop\\\\React project\\\\react-clone1\\\\amazona\\\\functions\\\\node_modules\\\\firebase-functions\\\\lib\\\\index.js\"}"}}
[debug] [2020-09-14T15:15:25.868Z] [runtime-status] [15656] Outgoing network have been stubbed. [{"name":"http","status":"mocked"},{"name":"http","status":"mocked"},{"name":"https","status":"mocked"},{"name":"https","status":"mocked"},{"name":"net","status":"mocked"}] {"metadata":{"emulator":{"name":"functions"},"message":"[runtime-status] [15656] Outgoing network have been stubbed. [{\"name\":\"http\",\"status\":\"mocked\"},{\"name\":\"http\",\"status\":\"mocked\"},{\"name\":\"https\",\"status\":\"mocked\"},{\"name\":\"https\",\"status\":\"mocked\"},{\"name\":\"net\",\"status\":\"mocked\"}]"}}
[debug] [2020-09-14T15:15:25.870Z] [runtime-status] [15656] Resolved module firebase-functions {"declared":true,"installed":true,"version":"3.11.0","resolution":"C:\\Users\\HP\\Desktop\\React project\\react-clone1\\amazona\\functions\\node_modules\\firebase-functions\\lib\\index.js"} {"metadata":{"emulator":{"name":"functions"},"message":"[runtime-status] [15656] Resolved module firebase-functions {\"declared\":true,\"installed\":true,\"version\":\"3.11.0\",\"resolution\":\"C:\\\\Users\\\\HP\\\\Desktop\\\\React project\\\\react-clone1\\\\amazona\\\\functions\\\\node_modules\\\\firebase-functions\\\\lib\\\\index.js\"}"}}
[debug] [2020-09-14T15:15:26.013Z] [runtime-status] [15656] Checked functions.config() {"config":{}} {"metadata":{"emulator":{"name":"functions"},"message":"[runtime-status] [15656] Checked functions.config() {\"config\":{}}"}}
[debug] [2020-09-14T15:15:26.014Z] [runtime-status] [15656] firebase-functions has been stubbed. {"functionsResolution":{"declared":true,"installed":true,"version":"3.11.0","resolution":"C:\\Users\\HP\\Desktop\\React project\\react-clone1\\amazona\\functions\\node_modules\\firebase-functions\\lib\\index.js"}} {"metadata":{"emulator":{"name":"functions"},"message":"[runtime-status] [15656] firebase-functions has been stubbed. {\"functionsResolution\":{\"declared\":true,\"installed\":true,\"version\":\"3.11.0\",\"resolution\":\"C:\\\\Users\\\\HP\\\\Desktop\\\\React project\\\\react-clone1\\\\amazona\\\\functions\\\\node_modules\\\\firebase-functions\\\\lib\\\\index.js\"}}"}}
[debug] [2020-09-14T15:15:26.016Z] [runtime-status] [15656] Resolved module firebase-functions {"declared":true,"installed":true,"version":"3.11.0","resolution":"C:\\Users\\HP\\Desktop\\React project\\react-clone1\\amazona\\functions\\node_modules\\firebase-functions\\lib\\index.js"} {"metadata":{"emulator":{"name":"functions"},"message":"[runtime-status] [15656] Resolved module firebase-functions {\"declared\":true,\"installed\":true,\"version\":\"3.11.0\",\"resolution\":\"C:\\\\Users\\\\HP\\\\Desktop\\\\React project\\\\react-clone1\\\\amazona\\\\functions\\\\node_modules\\\\firebase-functions\\\\lib\\\\index.js\"}"}}
[debug] [2020-09-14T15:15:26.021Z] [runtime-status] [15656] Resolved module firebase-admin {"declared":true,"installed":true,"version":"8.13.0","resolution":"C:\\Users\\HP\\Desktop\\React project\\react-clone1\\amazona\\functions\\node_modules\\firebase-admin\\lib\\index.js"} {"metadata":{"emulator":{"name":"functions"},"message":"[runtime-status] [15656] Resolved module firebase-admin {\"declared\":true,\"installed\":true,\"version\":\"8.13.0\",\"resolution\":\"C:\\\\Users\\\\HP\\\\Desktop\\\\React project\\\\react-clone1\\\\amazona\\\\functions\\\\node_modules\\\\firebase-admin\\\\lib\\\\index.js\"}"}}
[debug] [2020-09-14T15:15:26.022Z] [runtime-status] [15656] Resolved module firebase-functions {"declared":true,"installed":true,"version":"3.11.0","resolution":"C:\\Users\\HP\\Desktop\\React project\\react-clone1\\amazona\\functions\\node_modules\\firebase-functions\\lib\\index.js"} {"metadata":{"emulator":{"name":"functions"},"message":"[runtime-status] [15656] Resolved module firebase-functions {\"declared\":true,\"installed\":true,\"version\":\"3.11.0\",\"resolution\":\"C:\\\\Users\\\\HP\\\\Desktop\\\\React project\\\\react-clone1\\\\amazona\\\\functions\\\\node_modules\\\\firebase-functions\\\\lib\\\\index.js\"}"}}
[debug] [2020-09-14T15:15:26.023Z] [runtime-status] [15656] firebase-admin has been stubbed. {"adminResolution":{"declared":true,"installed":true,"version":"8.13.0","resolution":"C:\\Users\\HP\\Desktop\\React project\\react-clone1\\amazona\\functions\\node_modules\\firebase-admin\\lib\\index.js"}} {"metadata":{"emulator":{"name":"functions"},"message":"[runtime-status] [15656] firebase-admin has been stubbed. {\"adminResolution\":{\"declared\":true,\"installed\":true,\"version\":\"8.13.0\",\"resolution\":\"C:\\\\Users\\\\HP\\\\Desktop\\\\React project\\\\react-clone1\\\\amazona\\\\functions\\\\node_modules\\\\firebase-admin\\\\lib\\\\index.js\"}}"}}
[info] +  functions[api]: http function initialized (http://localhost:5001/a-cd4eb/us-central1/api). {"metadata":{"emulator":{"name":"functions"},"message":"\u001b[1mhttp\u001b[22m function initialized (http://localhost:5001/a-cd4eb/us-central1/api)."}}
[info] 
┌───────────────────────────────────────────────────────────────────────┐
│ ✔  All emulators ready! View status and logs at http://localhost:4000 │
└───────────────────────────────────────────────────────────────────────┘

┌───────────┬────────────────┬─────────────────────────────────┐
│ Emulator  │ Host:Port      │ View in Emulator UI             │
├───────────┼────────────────┼─────────────────────────────────┤
│ Functions │ localhost:5001 │ http://localhost:4000/functions │
├───────────┼────────────────┼─────────────────────────────────┤
│ Hosting   │ localhost:5000 │ n/a                             │
└───────────┴────────────────┴─────────────────────────────────┘
  Other reserved ports: 4400, 4500

Issues? Report them at https://github.com/firebase/firebase-tools/issues and attach the *-debug.log files.
 
[debug] [2020-09-14T15:15:26.548Z] [worker-~diagnostic~-c7843cee-5e05-40f8-bb10-c03ee39f9769]: IDLE {"metadata":{"emulator":{"name":"functions"},"message":"[worker-~diagnostic~-c7843cee-5e05-40f8-bb10-c03ee39f9769]: IDLE"}}
[debug] [2020-09-14T15:16:02.520Z] [work-queue] {"queueLength":1,"workRunningCount":0}
[debug] [2020-09-14T15:16:02.521Z] [work-queue] {"queueLength":0,"workRunningCount":1}
[debug] [2020-09-14T15:16:02.523Z] Accepted request POST /a-cd4eb/us-central1/api/payments/create?total=3218 --> api
[debug] [2020-09-14T15:16:02.534Z] [worker-pool] addWorker(api) {"metadata":{"emulator":{"name":"functions"},"message":"[worker-pool] addWorker(api)"}}
[debug] [2020-09-14T15:16:02.534Z] [worker-pool] Adding worker with key api, total=1 {"metadata":{"emulator":{"name":"functions"},"message":"[worker-pool] Adding worker with key api, total=1"}}
[debug] [2020-09-14T15:16:02.534Z] [worker-pool] submitWork(triggerId=api) {"metadata":{"emulator":{"name":"functions"},"message":"[worker-pool] submitWork(triggerId=api)"}}
[debug] [2020-09-14T15:16:02.534Z] [worker-api-f1b4d309-4310-4df2-b5ac-86c33459b3e2]: Assigning socketPath: \\?\pipe\C:\Users\HP\Desktop\React project\react-clone1\amazona\functions\10528 {"metadata":{"emulator":{"name":"functions"},"message":"[worker-api-f1b4d309-4310-4df2-b5ac-86c33459b3e2]: Assigning socketPath: \\\\?\\pipe\\C:\\Users\\HP\\Desktop\\React project\\react-clone1\\amazona\\functions\\10528"}}
[debug] [2020-09-14T15:16:02.535Z] [worker-api-f1b4d309-4310-4df2-b5ac-86c33459b3e2]: BUSY {"metadata":{"emulator":{"name":"functions"},"message":"[worker-api-f1b4d309-4310-4df2-b5ac-86c33459b3e2]: BUSY"}}
[debug] [2020-09-14T15:16:03.418Z] [runtime-status] [10528] Functions runtime initialized. {"cwd":"C:\\Users\\HP\\Desktop\\React project\\react-clone1\\amazona\\functions","node_version":"12.18.3"} {"metadata":{"emulator":{"name":"functions"},"function":{"name":"api"},"message":"[runtime-status] [10528] Functions runtime initialized. {\"cwd\":\"C:\\\\Users\\\\HP\\\\Desktop\\\\React project\\\\react-clone1\\\\amazona\\\\functions\",\"node_version\":\"12.18.3\"}"}}
[debug] [2020-09-14T15:16:03.422Z] [runtime-status] [10528] Disabled runtime features: undefined {"metadata":{"emulator":{"name":"functions"},"function":{"name":"api"},"message":"[runtime-status] [10528] Disabled runtime features: undefined"}}
[debug] [2020-09-14T15:16:03.432Z] [runtime-status] [10528] Resolved module firebase-admin {"declared":true,"installed":true,"version":"8.13.0","resolution":"C:\\Users\\HP\\Desktop\\React project\\react-clone1\\amazona\\functions\\node_modules\\firebase-admin\\lib\\index.js"} {"metadata":{"emulator":{"name":"functions"},"function":{"name":"api"},"message":"[runtime-status] [10528] Resolved module firebase-admin {\"declared\":true,\"installed\":true,\"version\":\"8.13.0\",\"resolution\":\"C:\\\\Users\\\\HP\\\\Desktop\\\\React project\\\\react-clone1\\\\amazona\\\\functions\\\\node_modules\\\\firebase-admin\\\\lib\\\\index.js\"}"}}
[debug] [2020-09-14T15:16:03.435Z] [runtime-status] [10528] Resolved module firebase-functions {"declared":true,"installed":true,"version":"3.11.0","resolution":"C:\\Users\\HP\\Desktop\\React project\\react-clone1\\amazona\\functions\\node_modules\\firebase-functions\\lib\\index.js"} {"metadata":{"emulator":{"name":"functions"},"function":{"name":"api"},"message":"[runtime-status] [10528] Resolved module firebase-functions {\"declared\":true,\"installed\":true,\"version\":\"3.11.0\",\"resolution\":\"C:\\\\Users\\\\HP\\\\Desktop\\\\React project\\\\react-clone1\\\\amazona\\\\functions\\\\node_modules\\\\firebase-functions\\\\lib\\\\index.js\"}"}}
[debug] [2020-09-14T15:16:03.437Z] [runtime-status] [10528] Resolved module firebase-functions {"declared":true,"installed":true,"version":"3.11.0","resolution":"C:\\Users\\HP\\Desktop\\React project\\react-clone1\\amazona\\functions\\node_modules\\firebase-functions\\lib\\index.js"} {"metadata":{"emulator":{"name":"functions"},"function":{"name":"api"},"message":"[runtime-status] [10528] Resolved module firebase-functions {\"declared\":true,\"installed\":true,\"version\":\"3.11.0\",\"resolution\":\"C:\\\\Users\\\\HP\\\\Desktop\\\\React project\\\\react-clone1\\\\amazona\\\\functions\\\\node_modules\\\\firebase-functions\\\\lib\\\\index.js\"}"}}
[debug] [2020-09-14T15:16:03.440Z] [runtime-status] [10528] Outgoing network have been stubbed. [{"name":"http","status":"mocked"},{"name":"http","status":"mocked"},{"name":"https","status":"mocked"},{"name":"https","status":"mocked"},{"name":"net","status":"mocked"}] {"metadata":{"emulator":{"name":"functions"},"function":{"name":"api"},"message":"[runtime-status] [10528] Outgoing network have been stubbed. [{\"name\":\"http\",\"status\":\"mocked\"},{\"name\":\"http\",\"status\":\"mocked\"},{\"name\":\"https\",\"status\":\"mocked\"},{\"name\":\"https\",\"status\":\"mocked\"},{\"name\":\"net\",\"status\":\"mocked\"}]"}}
[debug] [2020-09-14T15:16:03.441Z] [runtime-status] [10528] Resolved module firebase-functions {"declared":true,"installed":true,"version":"3.11.0","resolution":"C:\\Users\\HP\\Desktop\\React project\\react-clone1\\amazona\\functions\\node_modules\\firebase-functions\\lib\\index.js"} {"metadata":{"emulator":{"name":"functions"},"function":{"name":"api"},"message":"[runtime-status] [10528] Resolved module firebase-functions {\"declared\":true,\"installed\":true,\"version\":\"3.11.0\",\"resolution\":\"C:\\\\Users\\\\HP\\\\Desktop\\\\React project\\\\react-clone1\\\\amazona\\\\functions\\\\node_modules\\\\firebase-functions\\\\lib\\\\index.js\"}"}}
[debug] [2020-09-14T15:16:03.524Z] [runtime-status] [10528] Checked functions.config() {"config":{}} {"metadata":{"emulator":{"name":"functions"},"function":{"name":"api"},"message":"[runtime-status] [10528] Checked functions.config() {\"config\":{}}"}}
[debug] [2020-09-14T15:16:03.524Z] [runtime-status] [10528] firebase-functions has been stubbed. {"functionsResolution":{"declared":true,"installed":true,"version":"3.11.0","resolution":"C:\\Users\\HP\\Desktop\\React project\\react-clone1\\amazona\\functions\\node_modules\\firebase-functions\\lib\\index.js"}} {"metadata":{"emulator":{"name":"functions"},"function":{"name":"api"},"message":"[runtime-status] [10528] firebase-functions has been stubbed. {\"functionsResolution\":{\"declared\":true,\"installed\":true,\"version\":\"3.11.0\",\"resolution\":\"C:\\\\Users\\\\HP\\\\Desktop\\\\React project\\\\react-clone1\\\\amazona\\\\functions\\\\node_modules\\\\firebase-functions\\\\lib\\\\index.js\"}}"}}
[debug] [2020-09-14T15:16:03.525Z] [runtime-status] [10528] Resolved module firebase-functions {"declared":true,"installed":true,"version":"3.11.0","resolution":"C:\\Users\\HP\\Desktop\\React project\\react-clone1\\amazona\\functions\\node_modules\\firebase-functions\\lib\\index.js"} {"metadata":{"emulator":{"name":"functions"},"function":{"name":"api"},"message":"[runtime-status] [10528] Resolved module firebase-functions {\"declared\":true,\"installed\":true,\"version\":\"3.11.0\",\"resolution\":\"C:\\\\Users\\\\HP\\\\Desktop\\\\React project\\\\react-clone1\\\\amazona\\\\functions\\\\node_modules\\\\firebase-functions\\\\lib\\\\index.js\"}"}}
[debug] [2020-09-14T15:16:03.527Z] [runtime-status] [10528] Resolved module firebase-admin {"declared":true,"installed":true,"version":"8.13.0","resolution":"C:\\Users\\HP\\Desktop\\React project\\react-clone1\\amazona\\functions\\node_modules\\firebase-admin\\lib\\index.js"} {"metadata":{"emulator":{"name":"functions"},"function":{"name":"api"},"message":"[runtime-status] [10528] Resolved module firebase-admin {\"declared\":true,\"installed\":true,\"version\":\"8.13.0\",\"resolution\":\"C:\\\\Users\\\\HP\\\\Desktop\\\\React project\\\\react-clone1\\\\amazona\\\\functions\\\\node_modules\\\\firebase-admin\\\\lib\\\\index.js\"}"}}
[debug] [2020-09-14T15:16:03.528Z] [runtime-status] [10528] Resolved module firebase-functions {"declared":true,"installed":true,"version":"3.11.0","resolution":"C:\\Users\\HP\\Desktop\\React project\\react-clone1\\amazona\\functions\\node_modules\\firebase-functions\\lib\\index.js"} {"metadata":{"emulator":{"name":"functions"},"function":{"name":"api"},"message":"[runtime-status] [10528] Resolved module firebase-functions {\"declared\":true,\"installed\":true,\"version\":\"3.11.0\",\"resolution\":\"C:\\\\Users\\\\HP\\\\Desktop\\\\React project\\\\react-clone1\\\\amazona\\\\functions\\\\node_modules\\\\firebase-functions\\\\lib\\\\index.js\"}"}}
[debug] [2020-09-14T15:16:03.529Z] [runtime-status] [10528] firebase-admin has been stubbed. {"adminResolution":{"declared":true,"installed":true,"version":"8.13.0","resolution":"C:\\Users\\HP\\Desktop\\React project\\react-clone1\\amazona\\functions\\node_modules\\firebase-admin\\lib\\index.js"}} {"metadata":{"emulator":{"name":"functions"},"function":{"name":"api"},"message":"[runtime-status] [10528] firebase-admin has been stubbed. {\"adminResolution\":{\"declared\":true,\"installed\":true,\"version\":\"8.13.0\",\"resolution\":\"C:\\\\Users\\\\HP\\\\Desktop\\\\React project\\\\react-clone1\\\\amazona\\\\functions\\\\node_modules\\\\firebase-admin\\\\lib\\\\index.js\"}}"}}
[debug] [2020-09-14T15:16:03.849Z] [runtime-status] [10528] Trigger "api" has been found, beginning invocation! {"metadata":{"emulator":{"name":"functions"},"function":{"name":"api"},"message":"[runtime-status] [10528] Trigger \"api\" has been found, beginning invocation!"}}
[info] i  functions: Beginning execution of "api" {"metadata":{"emulator":{"name":"functions"},"function":{"name":"api"},"message":"Beginning execution of \"api\""}}
[debug] [2020-09-14T15:16:03.851Z] [runtime-status] [10528] triggerDefinition {"httpsTrigger":{},"name":"api","entryPoint":"api"} {"metadata":{"emulator":{"name":"functions"},"function":{"name":"api"},"message":"[runtime-status] [10528] triggerDefinition {\"httpsTrigger\":{},\"name\":\"api\",\"entryPoint\":\"api\"}"}}
[debug] [2020-09-14T15:16:03.852Z] [runtime-status] [10528] Running api in mode HTTPS {"metadata":{"emulator":{"name":"functions"},"function":{"name":"api"},"message":"[runtime-status] [10528] Running api in mode HTTPS"}}
[debug] [2020-09-14T15:16:03.859Z] [runtime-status] [10528] Attempting to listen to socketPath: \\?\pipe\C:\Users\HP\Desktop\React project\react-clone1\amazona\functions\10528 {"metadata":{"emulator":{"name":"functions"},"function":{"name":"api"},"message":"[runtime-status] [10528] Attempting to listen to socketPath: \\\\?\\pipe\\C:\\Users\\HP\\Desktop\\React project\\react-clone1\\amazona\\functions\\10528"}}
[debug] [2020-09-14T15:16:03.866Z] [functions] Runtime ready! Sending request! {"metadata":{"emulator":{"name":"functions"},"message":"[functions] Runtime ready! Sending request!"}}
[debug] [2020-09-14T15:16:03.884Z] [runtime-status] [10528] Ephemeral server handling POST request {"metadata":{"emulator":{"name":"functions"},"function":{"name":"api"},"message":"[runtime-status] [10528] Ephemeral server handling POST request"}}
[info] >  Payment Request Recieved BOOM!!! for this amount >>>  3218 {"user":"Payment Request Recieved BOOM!!! for this amount >>>  3218","metadata":{"emulator":{"name":"functions"},"function":{"name":"api"},"message":"\u001b[90m> \u001b[39m Payment Request Recieved BOOM!!! for this amount >>>  3218"}}
[debug] [2020-09-14T15:16:03.909Z] [runtime-status] [10528] Ephemeral server survived. {"metadata":{"emulator":{"name":"functions"},"function":{"name":"api"},"message":"[runtime-status] [10528] Ephemeral server survived."}}
[info] i  functions: Finished "api" in ~3s {"metadata":{"emulator":{"name":"functions"},"function":{"name":"api"},"message":"Finished \"api\" in ~3s"}}
[debug] [2020-09-14T15:16:07.078Z] [worker-api-f1b4d309-4310-4df2-b5ac-86c33459b3e2]: IDLE {"metadata":{"emulator":{"name":"functions"},"message":"[worker-api-f1b4d309-4310-4df2-b5ac-86c33459b3e2]: IDLE"}}
[debug] [2020-09-14T15:16:07.079Z] [work-queue] {"queueLength":0,"workRunningCount":0}
[debug] [2020-09-14T15:27:09.743Z] [work-queue] {"queueLength":1,"workRunningCount":0}
[debug] [2020-09-14T15:27:09.743Z] [work-queue] {"queueLength":0,"workRunningCount":1}
[debug] [2020-09-14T15:27:09.743Z] Accepted request POST /a-cd4eb/us-central1/api/payments/create?total=3414 --> api
[debug] [2020-09-14T15:27:09.743Z] [worker-pool] submitWork(triggerId=api) {"metadata":{"emulator":{"name":"functions"},"message":"[worker-pool] submitWork(triggerId=api)"}}
[debug] [2020-09-14T15:27:09.743Z] [worker-api-f1b4d309-4310-4df2-b5ac-86c33459b3e2]: Assigning socketPath: \\?\pipe\C:\Users\HP\Desktop\React project\react-clone1\amazona\functions\10528 {"metadata":{"emulator":{"name":"functions"},"message":"[worker-api-f1b4d309-4310-4df2-b5ac-86c33459b3e2]: Assigning socketPath: \\\\?\\pipe\\C:\\Users\\HP\\Desktop\\React project\\react-clone1\\amazona\\functions\\10528"}}
[debug] [2020-09-14T15:27:09.743Z] [worker-api-f1b4d309-4310-4df2-b5ac-86c33459b3e2]: BUSY {"metadata":{"emulator":{"name":"functions"},"message":"[worker-api-f1b4d309-4310-4df2-b5ac-86c33459b3e2]: BUSY"}}
[debug] [2020-09-14T15:27:09.744Z] [runtime-status] [10528] Trigger "api" has been found, beginning invocation! {"metadata":{"emulator":{"name":"functions"},"function":{"name":"api"},"message":"[runtime-status] [10528] Trigger \"api\" has been found, beginning invocation!"}}
[info] i  functions: Beginning execution of "api" {"metadata":{"emulator":{"name":"functions"},"function":{"name":"api"},"message":"Beginning execution of \"api\""}}
[debug] [2020-09-14T15:27:09.746Z] [runtime-status] [10528] triggerDefinition {"httpsTrigger":{},"name":"api","entryPoint":"api"} {"metadata":{"emulator":{"name":"functions"},"function":{"name":"api"},"message":"[runtime-status] [10528] triggerDefinition {\"httpsTrigger\":{},\"name\":\"api\",\"entryPoint\":\"api\"}"}}
[debug] [2020-09-14T15:27:09.746Z] [runtime-status] [10528] Running api in mode HTTPS {"metadata":{"emulator":{"name":"functions"},"function":{"name":"api"},"message":"[runtime-status] [10528] Running api in mode HTTPS"}}
[debug] [2020-09-14T15:27:09.746Z] [runtime-status] [10528] Attempting to listen to socketPath: \\?\pipe\C:\Users\HP\Desktop\React project\react-clone1\amazona\functions\10528 {"metadata":{"emulator":{"name":"functions"},"function":{"name":"api"},"message":"[runtime-status] [10528] Attempting to listen to socketPath: \\\\?\\pipe\\C:\\Users\\HP\\Desktop\\React project\\react-clone1\\amazona\\functions\\10528"}}
[debug] [2020-09-14T15:27:09.747Z] [functions] Runtime ready! Sending request! {"metadata":{"emulator":{"name":"functions"},"message":"[functions] Runtime ready! Sending request!"}}
[debug] [2020-09-14T15:27:09.750Z] [runtime-status] [10528] Ephemeral server handling POST request {"metadata":{"emulator":{"name":"functions"},"function":{"name":"api"},"message":"[runtime-status] [10528] Ephemeral server handling POST request"}}
[info] >  Payment Request Recieved BOOM!!! for this amount >>>  3414 {"user":"Payment Request Recieved BOOM!!! for this amount >>>  3414","metadata":{"emulator":{"name":"functions"},"function":{"name":"api"},"message":"\u001b[90m> \u001b[39m Payment Request Recieved BOOM!!! for this amount >>>  3414"}}
[debug] [2020-09-14T15:27:09.753Z] [runtime-status] [10528] Ephemeral server survived. {"metadata":{"emulator":{"name":"functions"},"function":{"name":"api"},"message":"[runtime-status] [10528] Ephemeral server survived."}}
[info] i  functions: Finished "api" in ~4s {"metadata":{"emulator":{"name":"functions"},"function":{"name":"api"},"message":"Finished \"api\" in ~4s"}}
[debug] [2020-09-14T15:27:14.005Z] [worker-api-f1b4d309-4310-4df2-b5ac-86c33459b3e2]: IDLE {"metadata":{"emulator":{"name":"functions"},"message":"[worker-api-f1b4d309-4310-4df2-b5ac-86c33459b3e2]: IDLE"}}
[debug] [2020-09-14T15:27:14.006Z] [work-queue] {"queueLength":0,"workRunningCount":0}
[debug] [2020-09-14T15:27:50.899Z] [work-queue] {"queueLength":1,"workRunningCount":0}
[debug] [2020-09-14T15:27:50.899Z] [work-queue] {"queueLength":0,"workRunningCount":1}
[debug] [2020-09-14T15:27:50.899Z] Accepted request POST /a-cd4eb/us-central1/api/payments/create?total=0 --> api
[debug] [2020-09-14T15:27:50.899Z] [worker-pool] submitWork(triggerId=api) {"metadata":{"emulator":{"name":"functions"},"message":"[worker-pool] submitWork(triggerId=api)"}}
[debug] [2020-09-14T15:27:50.899Z] [worker-api-f1b4d309-4310-4df2-b5ac-86c33459b3e2]: Assigning socketPath: \\?\pipe\C:\Users\HP\Desktop\React project\react-clone1\amazona\functions\10528 {"metadata":{"emulator":{"name":"functions"},"message":"[worker-api-f1b4d309-4310-4df2-b5ac-86c33459b3e2]: Assigning socketPath: \\\\?\\pipe\\C:\\Users\\HP\\Desktop\\React project\\react-clone1\\amazona\\functions\\10528"}}
[debug] [2020-09-14T15:27:50.899Z] [worker-api-f1b4d309-4310-4df2-b5ac-86c33459b3e2]: BUSY {"metadata":{"emulator":{"name":"functions"},"message":"[worker-api-f1b4d309-4310-4df2-b5ac-86c33459b3e2]: BUSY"}}
[debug] [2020-09-14T15:27:50.900Z] [runtime-status] [10528] Trigger "api" has been found, beginning invocation! {"metadata":{"emulator":{"name":"functions"},"function":{"name":"api"},"message":"[runtime-status] [10528] Trigger \"api\" has been found, beginning invocation!"}}
[info] i  functions: Beginning execution of "api" {"metadata":{"emulator":{"name":"functions"},"function":{"name":"api"},"message":"Beginning execution of \"api\""}}
[debug] [2020-09-14T15:27:50.903Z] [runtime-status] [10528] triggerDefinition {"httpsTrigger":{},"name":"api","entryPoint":"api"} {"metadata":{"emulator":{"name":"functions"},"function":{"name":"api"},"message":"[runtime-status] [10528] triggerDefinition {\"httpsTrigger\":{},\"name\":\"api\",\"entryPoint\":\"api\"}"}}
[debug] [2020-09-14T15:27:50.903Z] [runtime-status] [10528] Running api in mode HTTPS {"metadata":{"emulator":{"name":"functions"},"function":{"name":"api"},"message":"[runtime-status] [10528] Running api in mode HTTPS"}}
[debug] [2020-09-14T15:27:50.903Z] [runtime-status] [10528] Attempting to listen to socketPath: \\?\pipe\C:\Users\HP\Desktop\React project\react-clone1\amazona\functions\10528 {"metadata":{"emulator":{"name":"functions"},"function":{"name":"api"},"message":"[runtime-status] [10528] Attempting to listen to socketPath: \\\\?\\pipe\\C:\\Users\\HP\\Desktop\\React project\\react-clone1\\amazona\\functions\\10528"}}
[debug] [2020-09-14T15:27:50.904Z] [functions] Runtime ready! Sending request! {"metadata":{"emulator":{"name":"functions"},"message":"[functions] Runtime ready! Sending request!"}}
[debug] [2020-09-14T15:27:50.910Z] [runtime-status] [10528] Ephemeral server handling POST request {"metadata":{"emulator":{"name":"functions"},"function":{"name":"api"},"message":"[runtime-status] [10528] Ephemeral server handling POST request"}}
[info] >  Payment Request Recieved BOOM!!! for this amount >>>  0 {"user":"Payment Request Recieved BOOM!!! for this amount >>>  0","metadata":{"emulator":{"name":"functions"},"function":{"name":"api"},"message":"\u001b[90m> \u001b[39m Payment Request Recieved BOOM!!! for this amount >>>  0"}}
[debug] [2020-09-14T15:27:50.912Z] [runtime-status] [10528] Ephemeral server survived. {"metadata":{"emulator":{"name":"functions"},"function":{"name":"api"},"message":"[runtime-status] [10528] Ephemeral server survived."}}
[info] >  (node:10528) UnhandledPromiseRejectionWarning: Error: This value must be greater than or equal to 1. {"user":"(node:10528) UnhandledPromiseRejectionWarning: Error: This value must be greater than or equal to 1.","metadata":{"emulator":{"name":"functions"},"function":{"name":"api"},"message":"\u001b[90m> \u001b[39m (node:10528) UnhandledPromiseRejectionWarning: Error: This value must be greater than or equal to 1."}}
[info] >      at Function.generate (C:\Users\HP\Desktop\React project\react-clone1\amazona\functions\node_modules\stripe\lib\Error.js:39:16) {"user":"    at Function.generate (C:\\Users\\HP\\Desktop\\React project\\react-clone1\\amazona\\functions\\node_modules\\stripe\\lib\\Error.js:39:16)","metadata":{"emulator":{"name":"functions"},"function":{"name":"api"},"message":"\u001b[90m> \u001b[39m     at Function.generate (C:\\Users\\HP\\Desktop\\React project\\react-clone1\\amazona\\functions\\node_modules\\stripe\\lib\\Error.js:39:16)"}}
[info] >      at IncomingMessage.<anonymous> (C:\Users\HP\Desktop\React project\react-clone1\amazona\functions\node_modules\stripe\lib\StripeResource.js:190:33) {"user":"    at IncomingMessage.<anonymous> (C:\\Users\\HP\\Desktop\\React project\\react-clone1\\amazona\\functions\\node_modules\\stripe\\lib\\StripeResource.js:190:33)","metadata":{"emulator":{"name":"functions"},"function":{"name":"api"},"message":"\u001b[90m> \u001b[39m     at IncomingMessage.<anonymous> (C:\\Users\\HP\\Desktop\\React project\\react-clone1\\amazona\\functions\\node_modules\\stripe\\lib\\StripeResource.js:190:33)"}}
[info] >      at Object.onceWrapper (events.js:421:28) {"user":"    at Object.onceWrapper (events.js:421:28)","metadata":{"emulator":{"name":"functions"},"function":{"name":"api"},"message":"\u001b[90m> \u001b[39m     at Object.onceWrapper (events.js:421:28)"}}
[info] >      at IncomingMessage.emit (events.js:327:22) {"user":"    at IncomingMessage.emit (events.js:327:22)","metadata":{"emulator":{"name":"functions"},"function":{"name":"api"},"message":"\u001b[90m> \u001b[39m     at IncomingMessage.emit (events.js:327:22)"}}
[info] >      at endReadableNT (_stream_readable.js:1220:12) {"user":"    at endReadableNT (_stream_readable.js:1220:12)","metadata":{"emulator":{"name":"functions"},"function":{"name":"api"},"message":"\u001b[90m> \u001b[39m     at endReadableNT (_stream_readable.js:1220:12)"}}
[info] >      at processTicksAndRejections (internal/process/task_queues.js:84:21) {"user":"    at processTicksAndRejections (internal/process/task_queues.js:84:21)","metadata":{"emulator":{"name":"functions"},"function":{"name":"api"},"message":"\u001b[90m> \u001b[39m     at processTicksAndRejections (internal/process/task_queues.js:84:21)"}}
[info] >  (node:10528) UnhandledPromiseRejectionWarning: Unhandled promise rejection. This error originated either by throwing inside of an async function without a catch block, or by rejecting a promise which was not handled with .catch(). To terminate the node process on unhandled promise rejection, use the CLI flag `--unhandled-rejections=strict` (see https://nodejs.org/api/cli.html#cli_unhandled_rejections_mode). (rejection id: 1) {"user":"(node:10528) UnhandledPromiseRejectionWarning: Unhandled promise rejection. This error originated either by throwing inside of an async function without a catch block, or by rejecting a promise which was not handled with .catch(). To terminate the node process on unhandled promise rejection, use the CLI flag `--unhandled-rejections=strict` (see https://nodejs.org/api/cli.html#cli_unhandled_rejections_mode). (rejection id: 1)","metadata":{"emulator":{"name":"functions"},"function":{"name":"api"},"message":"\u001b[90m> \u001b[39m (node:10528) UnhandledPromiseRejectionWarning: Unhandled promise rejection. This error originated either by throwing inside of an async function without a catch block, or by rejecting a promise which was not handled with .catch(). To terminate the node process on unhandled promise rejection, use the CLI flag `--unhandled-rejections=strict` (see https://nodejs.org/api/cli.html#cli_unhandled_rejections_mode). (rejection id: 1)"}}
[info] >  (node:10528) [DEP0018] DeprecationWarning: Unhandled promise rejections are deprecated. In the future, promise rejections that are not handled will terminate the Node.js process with a non-zero exit code. {"user":"(node:10528) [DEP0018] DeprecationWarning: Unhandled promise rejections are deprecated. In the future, promise rejections that are not handled will terminate the Node.js process with a non-zero exit code.","metadata":{"emulator":{"name":"functions"},"function":{"name":"api"},"message":"\u001b[90m> \u001b[39m (node:10528) [DEP0018] DeprecationWarning: Unhandled promise rejections are deprecated. In the future, promise rejections that are not handled will terminate the Node.js process with a non-zero exit code."}}
[debug] [2020-09-14T15:27:52.841Z] [work-queue] {"queueLength":1,"workRunningCount":1}
[debug] [2020-09-14T15:27:52.842Z] [work-queue] {"queueLength":0,"workRunningCount":2}
[debug] [2020-09-14T15:27:52.842Z] Accepted request POST /a-cd4eb/us-central1/api/payments/create?total=0 --> api
[debug] [2020-09-14T15:27:52.856Z] [worker-pool] addWorker(api) {"metadata":{"emulator":{"name":"functions"},"message":"[worker-pool] addWorker(api)"}}
[debug] [2020-09-14T15:27:52.857Z] [worker-pool] Adding worker with key api, total=2 {"metadata":{"emulator":{"name":"functions"},"message":"[worker-pool] Adding worker with key api, total=2"}}
[debug] [2020-09-14T15:27:52.857Z] [worker-pool] submitWork(triggerId=api) {"metadata":{"emulator":{"name":"functions"},"message":"[worker-pool] submitWork(triggerId=api)"}}
[debug] [2020-09-14T15:27:52.857Z] [worker-api-ddf3dc9d-3ebd-4418-8751-8d37f53dc74c]: Assigning socketPath: \\?\pipe\C:\Users\HP\Desktop\React project\react-clone1\amazona\functions\17952 {"metadata":{"emulator":{"name":"functions"},"message":"[worker-api-ddf3dc9d-3ebd-4418-8751-8d37f53dc74c]: Assigning socketPath: \\\\?\\pipe\\C:\\Users\\HP\\Desktop\\React project\\react-clone1\\amazona\\functions\\17952"}}
[debug] [2020-09-14T15:27:52.858Z] [worker-api-ddf3dc9d-3ebd-4418-8751-8d37f53dc74c]: BUSY {"metadata":{"emulator":{"name":"functions"},"message":"[worker-api-ddf3dc9d-3ebd-4418-8751-8d37f53dc74c]: BUSY"}}
[debug] [2020-09-14T15:27:53.387Z] [runtime-status] [17952] Functions runtime initialized. {"cwd":"C:\\Users\\HP\\Desktop\\React project\\react-clone1\\amazona\\functions","node_version":"12.18.3"} {"metadata":{"emulator":{"name":"functions"},"function":{"name":"api"},"message":"[runtime-status] [17952] Functions runtime initialized. {\"cwd\":\"C:\\\\Users\\\\HP\\\\Desktop\\\\React project\\\\react-clone1\\\\amazona\\\\functions\",\"node_version\":\"12.18.3\"}"}}
[debug] [2020-09-14T15:27:53.389Z] [runtime-status] [17952] Disabled runtime features: undefined {"metadata":{"emulator":{"name":"functions"},"function":{"name":"api"},"message":"[runtime-status] [17952] Disabled runtime features: undefined"}}
[debug] [2020-09-14T15:27:53.393Z] [runtime-status] [17952] Resolved module firebase-admin {"declared":true,"installed":true,"version":"8.13.0","resolution":"C:\\Users\\HP\\Desktop\\React project\\react-clone1\\amazona\\functions\\node_modules\\firebase-admin\\lib\\index.js"} {"metadata":{"emulator":{"name":"functions"},"function":{"name":"api"},"message":"[runtime-status] [17952] Resolved module firebase-admin {\"declared\":true,\"installed\":true,\"version\":\"8.13.0\",\"resolution\":\"C:\\\\Users\\\\HP\\\\Desktop\\\\React project\\\\react-clone1\\\\amazona\\\\functions\\\\node_modules\\\\firebase-admin\\\\lib\\\\index.js\"}"}}
[debug] [2020-09-14T15:27:53.400Z] [runtime-status] [17952] Resolved module firebase-functions {"declared":true,"installed":true,"version":"3.11.0","resolution":"C:\\Users\\HP\\Desktop\\React project\\react-clone1\\amazona\\functions\\node_modules\\firebase-functions\\lib\\index.js"} {"metadata":{"emulator":{"name":"functions"},"function":{"name":"api"},"message":"[runtime-status] [17952] Resolved module firebase-functions {\"declared\":true,\"installed\":true,\"version\":\"3.11.0\",\"resolution\":\"C:\\\\Users\\\\HP\\\\Desktop\\\\React project\\\\react-clone1\\\\amazona\\\\functions\\\\node_modules\\\\firebase-functions\\\\lib\\\\index.js\"}"}}
[debug] [2020-09-14T15:27:53.401Z] [runtime-status] [17952] Resolved module firebase-functions {"declared":true,"installed":true,"version":"3.11.0","resolution":"C:\\Users\\HP\\Desktop\\React project\\react-clone1\\amazona\\functions\\node_modules\\firebase-functions\\lib\\index.js"} {"metadata":{"emulator":{"name":"functions"},"function":{"name":"api"},"message":"[runtime-status] [17952] Resolved module firebase-functions {\"declared\":true,\"installed\":true,\"version\":\"3.11.0\",\"resolution\":\"C:\\\\Users\\\\HP\\\\Desktop\\\\React project\\\\react-clone1\\\\amazona\\\\functions\\\\node_modules\\\\firebase-functions\\\\lib\\\\index.js\"}"}}
[debug] [2020-09-14T15:27:53.402Z] [runtime-status] [17952] Outgoing network have been stubbed. [{"name":"http","status":"mocked"},{"name":"http","status":"mocked"},{"name":"https","status":"mocked"},{"name":"https","status":"mocked"},{"name":"net","status":"mocked"}] {"metadata":{"emulator":{"name":"functions"},"function":{"name":"api"},"message":"[runtime-status] [17952] Outgoing network have been stubbed. [{\"name\":\"http\",\"status\":\"mocked\"},{\"name\":\"http\",\"status\":\"mocked\"},{\"name\":\"https\",\"status\":\"mocked\"},{\"name\":\"https\",\"status\":\"mocked\"},{\"name\":\"net\",\"status\":\"mocked\"}]"}}
[debug] [2020-09-14T15:27:53.403Z] [runtime-status] [17952] Resolved module firebase-functions {"declared":true,"installed":true,"version":"3.11.0","resolution":"C:\\Users\\HP\\Desktop\\React project\\react-clone1\\amazona\\functions\\node_modules\\firebase-functions\\lib\\index.js"} {"metadata":{"emulator":{"name":"functions"},"function":{"name":"api"},"message":"[runtime-status] [17952] Resolved module firebase-functions {\"declared\":true,\"installed\":true,\"version\":\"3.11.0\",\"resolution\":\"C:\\\\Users\\\\HP\\\\Desktop\\\\React project\\\\react-clone1\\\\amazona\\\\functions\\\\node_modules\\\\firebase-functions\\\\lib\\\\index.js\"}"}}
[debug] [2020-09-14T15:27:53.448Z] [runtime-status] [17952] Checked functions.config() {"config":{}} {"metadata":{"emulator":{"name":"functions"},"function":{"name":"api"},"message":"[runtime-status] [17952] Checked functions.config() {\"config\":{}}"}}
[debug] [2020-09-14T15:27:53.448Z] [runtime-status] [17952] firebase-functions has been stubbed. {"functionsResolution":{"declared":true,"installed":true,"version":"3.11.0","resolution":"C:\\Users\\HP\\Desktop\\React project\\react-clone1\\amazona\\functions\\node_modules\\firebase-functions\\lib\\index.js"}} {"metadata":{"emulator":{"name":"functions"},"function":{"name":"api"},"message":"[runtime-status] [17952] firebase-functions has been stubbed. {\"functionsResolution\":{\"declared\":true,\"installed\":true,\"version\":\"3.11.0\",\"resolution\":\"C:\\\\Users\\\\HP\\\\Desktop\\\\React project\\\\react-clone1\\\\amazona\\\\functions\\\\node_modules\\\\firebase-functions\\\\lib\\\\index.js\"}}"}}
[debug] [2020-09-14T15:27:53.449Z] [runtime-status] [17952] Resolved module firebase-functions {"declared":true,"installed":true,"version":"3.11.0","resolution":"C:\\Users\\HP\\Desktop\\React project\\react-clone1\\amazona\\functions\\node_modules\\firebase-functions\\lib\\index.js"} {"metadata":{"emulator":{"name":"functions"},"function":{"name":"api"},"message":"[runtime-status] [17952] Resolved module firebase-functions {\"declared\":true,\"installed\":true,\"version\":\"3.11.0\",\"resolution\":\"C:\\\\Users\\\\HP\\\\Desktop\\\\React project\\\\react-clone1\\\\amazona\\\\functions\\\\node_modules\\\\firebase-functions\\\\lib\\\\index.js\"}"}}
[debug] [2020-09-14T15:27:53.450Z] [runtime-status] [17952] Resolved module firebase-admin {"declared":true,"installed":true,"version":"8.13.0","resolution":"C:\\Users\\HP\\Desktop\\React project\\react-clone1\\amazona\\functions\\node_modules\\firebase-admin\\lib\\index.js"} {"metadata":{"emulator":{"name":"functions"},"function":{"name":"api"},"message":"[runtime-status] [17952] Resolved module firebase-admin {\"declared\":true,\"installed\":true,\"version\":\"8.13.0\",\"resolution\":\"C:\\\\Users\\\\HP\\\\Desktop\\\\React project\\\\react-clone1\\\\amazona\\\\functions\\\\node_modules\\\\firebase-admin\\\\lib\\\\index.js\"}"}}
[debug] [2020-09-14T15:27:53.450Z] [runtime-status] [17952] Resolved module firebase-functions {"declared":true,"installed":true,"version":"3.11.0","resolution":"C:\\Users\\HP\\Desktop\\React project\\react-clone1\\amazona\\functions\\node_modules\\firebase-functions\\lib\\index.js"} {"metadata":{"emulator":{"name":"functions"},"function":{"name":"api"},"message":"[runtime-status] [17952] Resolved module firebase-functions {\"declared\":true,\"installed\":true,\"version\":\"3.11.0\",\"resolution\":\"C:\\\\Users\\\\HP\\\\Desktop\\\\React project\\\\react-clone1\\\\amazona\\\\functions\\\\node_modules\\\\firebase-functions\\\\lib\\\\index.js\"}"}}
[debug] [2020-09-14T15:27:53.451Z] [runtime-status] [17952] firebase-admin has been stubbed. {"adminResolution":{"declared":true,"installed":true,"version":"8.13.0","resolution":"C:\\Users\\HP\\Desktop\\React project\\react-clone1\\amazona\\functions\\node_modules\\firebase-admin\\lib\\index.js"}} {"metadata":{"emulator":{"name":"functions"},"function":{"name":"api"},"message":"[runtime-status] [17952] firebase-admin has been stubbed. {\"adminResolution\":{\"declared\":true,\"installed\":true,\"version\":\"8.13.0\",\"resolution\":\"C:\\\\Users\\\\HP\\\\Desktop\\\\React project\\\\react-clone1\\\\amazona\\\\functions\\\\node_modules\\\\firebase-admin\\\\lib\\\\index.js\"}}"}}
[debug] [2020-09-14T15:27:53.646Z] [runtime-status] [17952] Trigger "api" has been found, beginning invocation! {"metadata":{"emulator":{"name":"functions"},"function":{"name":"api"},"message":"[runtime-status] [17952] Trigger \"api\" has been found, beginning invocation!"}}
[info] i  functions: Beginning execution of "api" {"metadata":{"emulator":{"name":"functions"},"function":{"name":"api"},"message":"Beginning execution of \"api\""}}
[debug] [2020-09-14T15:27:53.647Z] [runtime-status] [17952] triggerDefinition {"httpsTrigger":{},"name":"api","entryPoint":"api"} {"metadata":{"emulator":{"name":"functions"},"function":{"name":"api"},"message":"[runtime-status] [17952] triggerDefinition {\"httpsTrigger\":{},\"name\":\"api\",\"entryPoint\":\"api\"}"}}
[debug] [2020-09-14T15:27:53.648Z] [runtime-status] [17952] Running api in mode HTTPS {"metadata":{"emulator":{"name":"functions"},"function":{"name":"api"},"message":"[runtime-status] [17952] Running api in mode HTTPS"}}
[debug] [2020-09-14T15:27:53.655Z] [runtime-status] [17952] Attempting to listen to socketPath: \\?\pipe\C:\Users\HP\Desktop\React project\react-clone1\amazona\functions\17952 {"metadata":{"emulator":{"name":"functions"},"function":{"name":"api"},"message":"[runtime-status] [17952] Attempting to listen to socketPath: \\\\?\\pipe\\C:\\Users\\HP\\Desktop\\React project\\react-clone1\\amazona\\functions\\17952"}}
[debug] [2020-09-14T15:27:53.659Z] [functions] Runtime ready! Sending request! {"metadata":{"emulator":{"name":"functions"},"message":"[functions] Runtime ready! Sending request!"}}
[debug] [2020-09-14T15:27:53.667Z] [runtime-status] [17952] Ephemeral server handling POST request {"metadata":{"emulator":{"name":"functions"},"function":{"name":"api"},"message":"[runtime-status] [17952] Ephemeral server handling POST request"}}
[info] >  Payment Request Recieved BOOM!!! for this amount >>>  0 {"user":"Payment Request Recieved BOOM!!! for this amount >>>  0","metadata":{"emulator":{"name":"functions"},"function":{"name":"api"},"message":"\u001b[90m> \u001b[39m Payment Request Recieved BOOM!!! for this amount >>>  0"}}
[debug] [2020-09-14T15:27:53.683Z] [runtime-status] [17952] Ephemeral server survived. {"metadata":{"emulator":{"name":"functions"},"function":{"name":"api"},"message":"[runtime-status] [17952] Ephemeral server survived."}}
[info] >  (node:17952) UnhandledPromiseRejectionWarning: Error: This value must be greater than or equal to 1. {"user":"(node:17952) UnhandledPromiseRejectionWarning: Error: This value must be greater than or equal to 1.","metadata":{"emulator":{"name":"functions"},"function":{"name":"api"},"message":"\u001b[90m> \u001b[39m (node:17952) UnhandledPromiseRejectionWarning: Error: This value must be greater than or equal to 1."}}
[info] >      at Function.generate (C:\Users\HP\Desktop\React project\react-clone1\amazona\functions\node_modules\stripe\lib\Error.js:39:16) {"user":"    at Function.generate (C:\\Users\\HP\\Desktop\\React project\\react-clone1\\amazona\\functions\\node_modules\\stripe\\lib\\Error.js:39:16)","metadata":{"emulator":{"name":"functions"},"function":{"name":"api"},"message":"\u001b[90m> \u001b[39m     at Function.generate (C:\\Users\\HP\\Desktop\\React project\\react-clone1\\amazona\\functions\\node_modules\\stripe\\lib\\Error.js:39:16)"}}
[info] >      at IncomingMessage.<anonymous> (C:\Users\HP\Desktop\React project\react-clone1\amazona\functions\node_modules\stripe\lib\StripeResource.js:190:33) {"user":"    at IncomingMessage.<anonymous> (C:\\Users\\HP\\Desktop\\React project\\react-clone1\\amazona\\functions\\node_modules\\stripe\\lib\\StripeResource.js:190:33)","metadata":{"emulator":{"name":"functions"},"function":{"name":"api"},"message":"\u001b[90m> \u001b[39m     at IncomingMessage.<anonymous> (C:\\Users\\HP\\Desktop\\React project\\react-clone1\\amazona\\functions\\node_modules\\stripe\\lib\\StripeResource.js:190:33)"}}
[info] >      at Object.onceWrapper (events.js:421:28) {"user":"    at Object.onceWrapper (events.js:421:28)","metadata":{"emulator":{"name":"functions"},"function":{"name":"api"},"message":"\u001b[90m> \u001b[39m     at Object.onceWrapper (events.js:421:28)"}}
[info] >      at IncomingMessage.emit (events.js:327:22) {"user":"    at IncomingMessage.emit (events.js:327:22)","metadata":{"emulator":{"name":"functions"},"function":{"name":"api"},"message":"\u001b[90m> \u001b[39m     at IncomingMessage.emit (events.js:327:22)"}}
[info] >      at endReadableNT (_stream_readable.js:1220:12) {"user":"    at endReadableNT (_stream_readable.js:1220:12)","metadata":{"emulator":{"name":"functions"},"function":{"name":"api"},"message":"\u001b[90m> \u001b[39m     at endReadableNT (_stream_readable.js:1220:12)"}}
[info] >      at processTicksAndRejections (internal/process/task_queues.js:84:21) {"user":"    at processTicksAndRejections (internal/process/task_queues.js:84:21)","metadata":{"emulator":{"name":"functions"},"function":{"name":"api"},"message":"\u001b[90m> \u001b[39m     at processTicksAndRejections (internal/process/task_queues.js:84:21)"}}
[info] >  (node:17952) UnhandledPromiseRejectionWarning: Unhandled promise rejection. This error originated either by throwing inside of an async function without a catch block, or by rejecting a promise which was not handled with .catch(). To terminate the node process on unhandled promise rejection, use the CLI flag `--unhandled-rejections=strict` (see https://nodejs.org/api/cli.html#cli_unhandled_rejections_mode). (rejection id: 1) {"user":"(node:17952) UnhandledPromiseRejectionWarning: Unhandled promise rejection. This error originated either by throwing inside of an async function without a catch block, or by rejecting a promise which was not handled with .catch(). To terminate the node process on unhandled promise rejection, use the CLI flag `--unhandled-rejections=strict` (see https://nodejs.org/api/cli.html#cli_unhandled_rejections_mode). (rejection id: 1)","metadata":{"emulator":{"name":"functions"},"function":{"name":"api"},"message":"\u001b[90m> \u001b[39m (node:17952) UnhandledPromiseRejectionWarning: Unhandled promise rejection. This error originated either by throwing inside of an async function without a catch block, or by rejecting a promise which was not handled with .catch(). To terminate the node process on unhandled promise rejection, use the CLI flag `--unhandled-rejections=strict` (see https://nodejs.org/api/cli.html#cli_unhandled_rejections_mode). (rejection id: 1)"}}
[info] >  (node:17952) [DEP0018] DeprecationWarning: Unhandled promise rejections are deprecated. In the future, promise rejections that are not handled will terminate the Node.js process with a non-zero exit code. {"user":"(node:17952) [DEP0018] DeprecationWarning: Unhandled promise rejections are deprecated. In the future, promise rejections that are not handled will terminate the Node.js process with a non-zero exit code.","metadata":{"emulator":{"name":"functions"},"function":{"name":"api"},"message":"\u001b[90m> \u001b[39m (node:17952) [DEP0018] DeprecationWarning: Unhandled promise rejections are deprecated. In the future, promise rejections that are not handled will terminate the Node.js process with a non-zero exit code."}}
[debug] [2020-09-14T15:28:13.858Z] [work-queue] {"queueLength":1,"workRunningCount":2}
[debug] [2020-09-14T15:28:13.859Z] [work-queue] {"queueLength":0,"workRunningCount":3}
[debug] [2020-09-14T15:28:13.859Z] Accepted request POST /a-cd4eb/us-central1/api/payments/create?total=2218 --> api
[debug] [2020-09-14T15:28:13.870Z] [worker-pool] addWorker(api) {"metadata":{"emulator":{"name":"functions"},"message":"[worker-pool] addWorker(api)"}}
[debug] [2020-09-14T15:28:13.870Z] [worker-pool] Adding worker with key api, total=3 {"metadata":{"emulator":{"name":"functions"},"message":"[worker-pool] Adding worker with key api, total=3"}}
[debug] [2020-09-14T15:28:13.870Z] [worker-pool] submitWork(triggerId=api) {"metadata":{"emulator":{"name":"functions"},"message":"[worker-pool] submitWork(triggerId=api)"}}
[debug] [2020-09-14T15:28:13.870Z] [worker-api-70a3e988-7db6-40ca-8e1d-1c516ad2cddd]: Assigning socketPath: \\?\pipe\C:\Users\HP\Desktop\React project\react-clone1\amazona\functions\5592 {"metadata":{"emulator":{"name":"functions"},"message":"[worker-api-70a3e988-7db6-40ca-8e1d-1c516ad2cddd]: Assigning socketPath: \\\\?\\pipe\\C:\\Users\\HP\\Desktop\\React project\\react-clone1\\amazona\\functions\\5592"}}
[debug] [2020-09-14T15:28:13.871Z] [worker-api-70a3e988-7db6-40ca-8e1d-1c516ad2cddd]: BUSY {"metadata":{"emulator":{"name":"functions"},"message":"[worker-api-70a3e988-7db6-40ca-8e1d-1c516ad2cddd]: BUSY"}}
[debug] [2020-09-14T15:28:14.383Z] [runtime-status] [5592] Functions runtime initialized. {"cwd":"C:\\Users\\HP\\Desktop\\React project\\react-clone1\\amazona\\functions","node_version":"12.18.3"} {"metadata":{"emulator":{"name":"functions"},"function":{"name":"api"},"message":"[runtime-status] [5592] Functions runtime initialized. {\"cwd\":\"C:\\\\Users\\\\HP\\\\Desktop\\\\React project\\\\react-clone1\\\\amazona\\\\functions\",\"node_version\":\"12.18.3\"}"}}
[debug] [2020-09-14T15:28:14.385Z] [runtime-status] [5592] Disabled runtime features: undefined {"metadata":{"emulator":{"name":"functions"},"function":{"name":"api"},"message":"[runtime-status] [5592] Disabled runtime features: undefined"}}
[debug] [2020-09-14T15:28:14.388Z] [runtime-status] [5592] Resolved module firebase-admin {"declared":true,"installed":true,"version":"8.13.0","resolution":"C:\\Users\\HP\\Desktop\\React project\\react-clone1\\amazona\\functions\\node_modules\\firebase-admin\\lib\\index.js"} {"metadata":{"emulator":{"name":"functions"},"function":{"name":"api"},"message":"[runtime-status] [5592] Resolved module firebase-admin {\"declared\":true,\"installed\":true,\"version\":\"8.13.0\",\"resolution\":\"C:\\\\Users\\\\HP\\\\Desktop\\\\React project\\\\react-clone1\\\\amazona\\\\functions\\\\node_modules\\\\firebase-admin\\\\lib\\\\index.js\"}"}}
[debug] [2020-09-14T15:28:14.394Z] [runtime-status] [5592] Resolved module firebase-functions {"declared":true,"installed":true,"version":"3.11.0","resolution":"C:\\Users\\HP\\Desktop\\React project\\react-clone1\\amazona\\functions\\node_modules\\firebase-functions\\lib\\index.js"} {"metadata":{"emulator":{"name":"functions"},"function":{"name":"api"},"message":"[runtime-status] [5592] Resolved module firebase-functions {\"declared\":true,\"installed\":true,\"version\":\"3.11.0\",\"resolution\":\"C:\\\\Users\\\\HP\\\\Desktop\\\\React project\\\\react-clone1\\\\amazona\\\\functions\\\\node_modules\\\\firebase-functions\\\\lib\\\\index.js\"}"}}
[debug] [2020-09-14T15:28:14.396Z] [runtime-status] [5592] Resolved module firebase-functions {"declared":true,"installed":true,"version":"3.11.0","resolution":"C:\\Users\\HP\\Desktop\\React project\\react-clone1\\amazona\\functions\\node_modules\\firebase-functions\\lib\\index.js"} {"metadata":{"emulator":{"name":"functions"},"function":{"name":"api"},"message":"[runtime-status] [5592] Resolved module firebase-functions {\"declared\":true,\"installed\":true,\"version\":\"3.11.0\",\"resolution\":\"C:\\\\Users\\\\HP\\\\Desktop\\\\React project\\\\react-clone1\\\\amazona\\\\functions\\\\node_modules\\\\firebase-functions\\\\lib\\\\index.js\"}"}}
[debug] [2020-09-14T15:28:14.398Z] [runtime-status] [5592] Outgoing network have been stubbed. [{"name":"http","status":"mocked"},{"name":"http","status":"mocked"},{"name":"https","status":"mocked"},{"name":"https","status":"mocked"},{"name":"net","status":"mocked"}] {"metadata":{"emulator":{"name":"functions"},"function":{"name":"api"},"message":"[runtime-status] [5592] Outgoing network have been stubbed. [{\"name\":\"http\",\"status\":\"mocked\"},{\"name\":\"http\",\"status\":\"mocked\"},{\"name\":\"https\",\"status\":\"mocked\"},{\"name\":\"https\",\"status\":\"mocked\"},{\"name\":\"net\",\"status\":\"mocked\"}]"}}
[debug] [2020-09-14T15:28:14.398Z] [runtime-status] [5592] Resolved module firebase-functions {"declared":true,"installed":true,"version":"3.11.0","resolution":"C:\\Users\\HP\\Desktop\\React project\\react-clone1\\amazona\\functions\\node_modules\\firebase-functions\\lib\\index.js"} {"metadata":{"emulator":{"name":"functions"},"function":{"name":"api"},"message":"[runtime-status] [5592] Resolved module firebase-functions {\"declared\":true,\"installed\":true,\"version\":\"3.11.0\",\"resolution\":\"C:\\\\Users\\\\HP\\\\Desktop\\\\React project\\\\react-clone1\\\\amazona\\\\functions\\\\node_modules\\\\firebase-functions\\\\lib\\\\index.js\"}"}}
[debug] [2020-09-14T15:28:14.449Z] [runtime-status] [5592] Checked functions.config() {"config":{}} {"metadata":{"emulator":{"name":"functions"},"function":{"name":"api"},"message":"[runtime-status] [5592] Checked functions.config() {\"config\":{}}"}}
[debug] [2020-09-14T15:28:14.450Z] [runtime-status] [5592] firebase-functions has been stubbed. {"functionsResolution":{"declared":true,"installed":true,"version":"3.11.0","resolution":"C:\\Users\\HP\\Desktop\\React project\\react-clone1\\amazona\\functions\\node_modules\\firebase-functions\\lib\\index.js"}} {"metadata":{"emulator":{"name":"functions"},"function":{"name":"api"},"message":"[runtime-status] [5592] firebase-functions has been stubbed. {\"functionsResolution\":{\"declared\":true,\"installed\":true,\"version\":\"3.11.0\",\"resolution\":\"C:\\\\Users\\\\HP\\\\Desktop\\\\React project\\\\react-clone1\\\\amazona\\\\functions\\\\node_modules\\\\firebase-functions\\\\lib\\\\index.js\"}}"}}
[debug] [2020-09-14T15:28:14.451Z] [runtime-status] [5592] Resolved module firebase-functions {"declared":true,"installed":true,"version":"3.11.0","resolution":"C:\\Users\\HP\\Desktop\\React project\\react-clone1\\amazona\\functions\\node_modules\\firebase-functions\\lib\\index.js"} {"metadata":{"emulator":{"name":"functions"},"function":{"name":"api"},"message":"[runtime-status] [5592] Resolved module firebase-functions {\"declared\":true,\"installed\":true,\"version\":\"3.11.0\",\"resolution\":\"C:\\\\Users\\\\HP\\\\Desktop\\\\React project\\\\react-clone1\\\\amazona\\\\functions\\\\node_modules\\\\firebase-functions\\\\lib\\\\index.js\"}"}}
[debug] [2020-09-14T15:28:14.453Z] [runtime-status] [5592] Resolved module firebase-admin {"declared":true,"installed":true,"version":"8.13.0","resolution":"C:\\Users\\HP\\Desktop\\React project\\react-clone1\\amazona\\functions\\node_modules\\firebase-admin\\lib\\index.js"} {"metadata":{"emulator":{"name":"functions"},"function":{"name":"api"},"message":"[runtime-status] [5592] Resolved module firebase-admin {\"declared\":true,\"installed\":true,\"version\":\"8.13.0\",\"resolution\":\"C:\\\\Users\\\\HP\\\\Desktop\\\\React project\\\\react-clone1\\\\amazona\\\\functions\\\\node_modules\\\\firebase-admin\\\\lib\\\\index.js\"}"}}
[debug] [2020-09-14T15:28:14.454Z] [runtime-status] [5592] Resolved module firebase-functions {"declared":true,"installed":true,"version":"3.11.0","resolution":"C:\\Users\\HP\\Desktop\\React project\\react-clone1\\amazona\\functions\\node_modules\\firebase-functions\\lib\\index.js"} {"metadata":{"emulator":{"name":"functions"},"function":{"name":"api"},"message":"[runtime-status] [5592] Resolved module firebase-functions {\"declared\":true,\"installed\":true,\"version\":\"3.11.0\",\"resolution\":\"C:\\\\Users\\\\HP\\\\Desktop\\\\React project\\\\react-clone1\\\\amazona\\\\functions\\\\node_modules\\\\firebase-functions\\\\lib\\\\index.js\"}"}}
[debug] [2020-09-14T15:28:14.455Z] [runtime-status] [5592] firebase-admin has been stubbed. {"adminResolution":{"declared":true,"installed":true,"version":"8.13.0","resolution":"C:\\Users\\HP\\Desktop\\React project\\react-clone1\\amazona\\functions\\node_modules\\firebase-admin\\lib\\index.js"}} {"metadata":{"emulator":{"name":"functions"},"function":{"name":"api"},"message":"[runtime-status] [5592] firebase-admin has been stubbed. {\"adminResolution\":{\"declared\":true,\"installed\":true,\"version\":\"8.13.0\",\"resolution\":\"C:\\\\Users\\\\HP\\\\Desktop\\\\React project\\\\react-clone1\\\\amazona\\\\functions\\\\node_modules\\\\firebase-admin\\\\lib\\\\index.js\"}}"}}
[debug] [2020-09-14T15:28:14.650Z] [runtime-status] [5592] Trigger "api" has been found, beginning invocation! {"metadata":{"emulator":{"name":"functions"},"function":{"name":"api"},"message":"[runtime-status] [5592] Trigger \"api\" has been found, beginning invocation!"}}
[info] i  functions: Beginning execution of "api" {"metadata":{"emulator":{"name":"functions"},"function":{"name":"api"},"message":"Beginning execution of \"api\""}}
[debug] [2020-09-14T15:28:14.651Z] [runtime-status] [5592] triggerDefinition {"httpsTrigger":{},"name":"api","entryPoint":"api"} {"metadata":{"emulator":{"name":"functions"},"function":{"name":"api"},"message":"[runtime-status] [5592] triggerDefinition {\"httpsTrigger\":{},\"name\":\"api\",\"entryPoint\":\"api\"}"}}
[debug] [2020-09-14T15:28:14.652Z] [runtime-status] [5592] Running api in mode HTTPS {"metadata":{"emulator":{"name":"functions"},"function":{"name":"api"},"message":"[runtime-status] [5592] Running api in mode HTTPS"}}
[debug] [2020-09-14T15:28:14.657Z] [runtime-status] [5592] Attempting to listen to socketPath: \\?\pipe\C:\Users\HP\Desktop\React project\react-clone1\amazona\functions\5592 {"metadata":{"emulator":{"name":"functions"},"function":{"name":"api"},"message":"[runtime-status] [5592] Attempting to listen to socketPath: \\\\?\\pipe\\C:\\Users\\HP\\Desktop\\React project\\react-clone1\\amazona\\functions\\5592"}}
[debug] [2020-09-14T15:28:14.662Z] [functions] Runtime ready! Sending request! {"metadata":{"emulator":{"name":"functions"},"message":"[functions] Runtime ready! Sending request!"}}
[debug] [2020-09-14T15:28:14.671Z] [runtime-status] [5592] Ephemeral server handling POST request {"metadata":{"emulator":{"name":"functions"},"function":{"name":"api"},"message":"[runtime-status] [5592] Ephemeral server handling POST request"}}
[info] >  Payment Request Recieved BOOM!!! for this amount >>>  2218 {"user":"Payment Request Recieved BOOM!!! for this amount >>>  2218","metadata":{"emulator":{"name":"functions"},"function":{"name":"api"},"message":"\u001b[90m> \u001b[39m Payment Request Recieved BOOM!!! for this amount >>>  2218"}}
[debug] [2020-09-14T15:28:14.687Z] [runtime-status] [5592] Ephemeral server survived. {"metadata":{"emulator":{"name":"functions"},"function":{"name":"api"},"message":"[runtime-status] [5592] Ephemeral server survived."}}
[info] i  functions: Finished "api" in ~3s {"metadata":{"emulator":{"name":"functions"},"function":{"name":"api"},"message":"Finished \"api\" in ~3s"}}
[debug] [2020-09-14T15:28:18.080Z] [worker-api-70a3e988-7db6-40ca-8e1d-1c516ad2cddd]: IDLE {"metadata":{"emulator":{"name":"functions"},"message":"[worker-api-70a3e988-7db6-40ca-8e1d-1c516ad2cddd]: IDLE"}}
[debug] [2020-09-14T15:28:18.081Z] [work-queue] {"queueLength":0,"workRunningCount":2}
[warn] !  functions: Your function timed out after ~60s. To configure this timeout, see
      https://firebase.google.com/docs/functions/manage-functions#set_timeout_and_memory_allocation. {"metadata":{"emulator":{"name":"functions"},"function":{"name":"api"},"message":"Your function timed out after ~60s. To configure this timeout, see\n      https://firebase.google.com/docs/functions/manage-functions#set_timeout_and_memory_allocation."}}
[info] >  C:\Users\HP\AppData\Roaming\npm\node_modules\firebase-tools\lib\emulator\functionsEmulatorRuntime.js:642 {"user":"C:\\Users\\HP\\AppData\\Roaming\\npm\\node_modules\\firebase-tools\\lib\\emulator\\functionsEmulatorRuntime.js:642\r","metadata":{"emulator":{"name":"functions"},"function":{"name":"api"},"message":"\u001b[90m> \u001b[39m C:\\Users\\HP\\AppData\\Roaming\\npm\\node_modules\\firebase-tools\\lib\\emulator\\functionsEmulatorRuntime.js:642\r"}}
[info] >                  throw new Error("Function timed out."); {"user":"                throw new Error(\"Function timed out.\");\r","metadata":{"emulator":{"name":"functions"},"function":{"name":"api"},"message":"\u001b[90m> \u001b[39m                 throw new Error(\"Function timed out.\");\r"}}
[info] >                  ^ {"user":"                ^\r","metadata":{"emulator":{"name":"functions"},"function":{"name":"api"},"message":"\u001b[90m> \u001b[39m                 ^\r"}}
[info] >   {"user":"\r","metadata":{"emulator":{"name":"functions"},"function":{"name":"api"},"message":"\u001b[90m> \u001b[39m \r"}}
[info] >  Error: Function timed out. {"user":"Error: Function timed out.\r","metadata":{"emulator":{"name":"functions"},"function":{"name":"api"},"message":"\u001b[90m> \u001b[39m Error: Function timed out.\r"}}
[info] >      at Timeout._onTimeout (C:\Users\HP\AppData\Roaming\npm\node_modules\firebase-tools\lib\emulator\functionsEmulatorRuntime.js:642:23) {"user":"    at Timeout._onTimeout (C:\\Users\\HP\\AppData\\Roaming\\npm\\node_modules\\firebase-tools\\lib\\emulator\\functionsEmulatorRuntime.js:642:23)\r","metadata":{"emulator":{"name":"functions"},"function":{"name":"api"},"message":"\u001b[90m> \u001b[39m     at Timeout._onTimeout (C:\\Users\\HP\\AppData\\Roaming\\npm\\node_modules\\firebase-tools\\lib\\emulator\\functionsEmulatorRuntime.js:642:23)\r"}}
[info] >      at listOnTimeout (internal/timers.js:549:17) {"user":"    at listOnTimeout (internal/timers.js:549:17)\r","metadata":{"emulator":{"name":"functions"},"function":{"name":"api"},"message":"\u001b[90m> \u001b[39m     at listOnTimeout (internal/timers.js:549:17)\r"}}
[info] >      at processTimers (internal/timers.js:492:7) {"user":"    at processTimers (internal/timers.js:492:7)\r","metadata":{"emulator":{"name":"functions"},"function":{"name":"api"},"message":"\u001b[90m> \u001b[39m     at processTimers (internal/timers.js:492:7)\r"}}
[debug] [2020-09-14T15:28:50.931Z] [worker-api-f1b4d309-4310-4df2-b5ac-86c33459b3e2]: exited {"metadata":{"emulator":{"name":"functions"},"message":"[worker-api-f1b4d309-4310-4df2-b5ac-86c33459b3e2]: exited"}}
[debug] [2020-09-14T15:28:50.931Z] [worker-api-f1b4d309-4310-4df2-b5ac-86c33459b3e2]: FINISHED {"metadata":{"emulator":{"name":"functions"},"message":"[worker-api-f1b4d309-4310-4df2-b5ac-86c33459b3e2]: FINISHED"}}
[debug] [2020-09-14T15:28:50.931Z] [work-queue] {"queueLength":0,"workRunningCount":1}
[warn] !  functions: Your function timed out after ~60s. To configure this timeout, see
      https://firebase.google.com/docs/functions/manage-functions#set_timeout_and_memory_allocation. {"metadata":{"emulator":{"name":"functions"},"function":{"name":"api"},"message":"Your function timed out after ~60s. To configure this timeout, see\n      https://firebase.google.com/docs/functions/manage-functions#set_timeout_and_memory_allocation."}}
[info] >  C:\Users\HP\AppData\Roaming\npm\node_modules\firebase-tools\lib\emulator\functionsEmulatorRuntime.js:642 {"user":"C:\\Users\\HP\\AppData\\Roaming\\npm\\node_modules\\firebase-tools\\lib\\emulator\\functionsEmulatorRuntime.js:642\r","metadata":{"emulator":{"name":"functions"},"function":{"name":"api"},"message":"\u001b[90m> \u001b[39m C:\\Users\\HP\\AppData\\Roaming\\npm\\node_modules\\firebase-tools\\lib\\emulator\\functionsEmulatorRuntime.js:642\r"}}
[info] >                  throw new Error("Function timed out."); {"user":"                throw new Error(\"Function timed out.\");\r","metadata":{"emulator":{"name":"functions"},"function":{"name":"api"},"message":"\u001b[90m> \u001b[39m                 throw new Error(\"Function timed out.\");\r"}}
[info] >                  ^ {"user":"                ^\r","metadata":{"emulator":{"name":"functions"},"function":{"name":"api"},"message":"\u001b[90m> \u001b[39m                 ^\r"}}
[info] >   {"user":"\r","metadata":{"emulator":{"name":"functions"},"function":{"name":"api"},"message":"\u001b[90m> \u001b[39m \r"}}
[info] >  Error: Function timed out. {"user":"Error: Function timed out.\r","metadata":{"emulator":{"name":"functions"},"function":{"name":"api"},"message":"\u001b[90m> \u001b[39m Error: Function timed out.\r"}}
[info] >      at Timeout._onTimeout (C:\Users\HP\AppData\Roaming\npm\node_modules\firebase-tools\lib\emulator\functionsEmulatorRuntime.js:642:23) {"user":"    at Timeout._onTimeout (C:\\Users\\HP\\AppData\\Roaming\\npm\\node_modules\\firebase-tools\\lib\\emulator\\functionsEmulatorRuntime.js:642:23)\r","metadata":{"emulator":{"name":"functions"},"function":{"name":"api"},"message":"\u001b[90m> \u001b[39m     at Timeout._onTimeout (C:\\Users\\HP\\AppData\\Roaming\\npm\\node_modules\\firebase-tools\\lib\\emulator\\functionsEmulatorRuntime.js:642:23)\r"}}
[info] >      at listOnTimeout (internal/timers.js:549:17) {"user":"    at listOnTimeout (internal/timers.js:549:17)\r","metadata":{"emulator":{"name":"functions"},"function":{"name":"api"},"message":"\u001b[90m> \u001b[39m     at listOnTimeout (internal/timers.js:549:17)\r"}}
[info] >      at processTimers (internal/timers.js:492:7) {"user":"    at processTimers (internal/timers.js:492:7)\r","metadata":{"emulator":{"name":"functions"},"function":{"name":"api"},"message":"\u001b[90m> \u001b[39m     at processTimers (internal/timers.js:492:7)\r"}}
[debug] [2020-09-14T15:28:53.678Z] [worker-api-ddf3dc9d-3ebd-4418-8751-8d37f53dc74c]: exited {"metadata":{"emulator":{"name":"functions"},"message":"[worker-api-ddf3dc9d-3ebd-4418-8751-8d37f53dc74c]: exited"}}
[debug] [2020-09-14T15:28:53.678Z] [worker-api-ddf3dc9d-3ebd-4418-8751-8d37f53dc74c]: FINISHED {"metadata":{"emulator":{"name":"functions"},"message":"[worker-api-ddf3dc9d-3ebd-4418-8751-8d37f53dc74c]: FINISHED"}}
[debug] [2020-09-14T15:28:53.678Z] [work-queue] {"queueLength":0,"workRunningCount":0}
